#
# There is insufficient memory for the Java Runtime Environment to continue.
# Native memory allocation (malloc) failed to allocate 1027376 bytes for Chunk::new
# Possible reasons:
#   The system is out of physical RAM or swap space
#   In 32 bit mode, the process size limit was hit
# Possible solutions:
#   Reduce memory load on the system
#   Increase physical memory or swap space
#   Check if swap backing store is full
#   Use 64 bit Java on a 64 bit OS
#   Decrease Java heap size (-Xmx/-Xms)
#   Decrease number of Java threads
#   Decrease Java thread stack sizes (-Xss)
#   Set larger code cache with -XX:ReservedCodeCacheSize=
# This output file may be truncated or incomplete.
#
#  Out of Memory Error (allocation.cpp:390), pid=3264, tid=0x0000000000001c84
#
# JRE version: Java(TM) SE Runtime Environment (8.0_101-b13) (build 1.8.0_101-b13)
# Java VM: Java HotSpot(TM) 64-Bit Server VM (25.101-b13 mixed mode windows-amd64 compressed oops)
# Failed to write core dump. Minidumps are not enabled by default on client versions of Windows
#

---------------  T H R E A D  ---------------

Current thread (0x0000000016a2e800):  JavaThread "C2 CompilerThread0" daemon [_thread_in_native, id=7300, stack(0x0000000018080000,0x0000000018180000)]

Stack: [0x0000000018080000,0x0000000018180000]
[error occurred during error reporting (printing stack bounds), id 0xc0000005]

Native frames: (J=compiled Java code, j=interpreted, Vv=VM code, C=native code)


Current CompileTask:
C2: 130438 13571       4       com.android.dx.ssa.ConstCollector::getConstsSortedByCountUse (337 bytes)


---------------  P R O C E S S  ---------------

Java Threads: ( => current thread )
  0x000000001d4d4800 JavaThread "pool-50-thread-4" [_thread_in_Java, id=11832, stack(0x0000000037a70000,0x0000000037b70000)]
  0x000000001d4d2000 JavaThread "pool-50-thread-3" [_thread_in_Java, id=5508, stack(0x0000000037970000,0x0000000037a70000)]
  0x000000001d4d3000 JavaThread "pool-50-thread-2" [_thread_in_native_trans, id=8248, stack(0x0000000037870000,0x0000000037970000)]
  0x000000001d4d8000 JavaThread "pool-51-thread-1" [_thread_blocked, id=8760, stack(0x0000000037770000,0x0000000037870000)]
  0x000000001d4ce800 JavaThread "pool-25-thread-1" [_thread_in_Java, id=10104, stack(0x0000000037070000,0x0000000037170000)]
  0x000000001d655800 JavaThread "pool-9-thread-3" [_thread_blocked, id=8476, stack(0x0000000033170000,0x0000000033270000)]
  0x000000001d650000 JavaThread "pool-9-thread-2" [_thread_blocked, id=8840, stack(0x0000000033070000,0x0000000033170000)]
  0x000000001d654000 JavaThread "pool-9-thread-4" [_thread_blocked, id=11320, stack(0x0000000032f70000,0x0000000033070000)]
  0x000000001d655000 JavaThread "pool-9-thread-1" [_thread_in_native, id=3328, stack(0x0000000032e70000,0x0000000032f70000)]
  0x000000001d651000 JavaThread "Java2D Disposer" daemon [_thread_blocked, id=9124, stack(0x000000002d570000,0x000000002d670000)]
  0x000000001bdb0000 JavaThread "pool-3-thread-4" [_thread_blocked, id=4712, stack(0x0000000021be0000,0x0000000021ce0000)]
  0x000000001bdb4000 JavaThread "pool-3-thread-3" [_thread_blocked, id=11916, stack(0x0000000021ae0000,0x0000000021be0000)]
  0x000000001bdae800 JavaThread "pool-3-thread-2" [_thread_blocked, id=6672, stack(0x00000000219e0000,0x0000000021ae0000)]
  0x000000001bdb3000 JavaThread "pool-3-thread-1" [_thread_blocked, id=11208, stack(0x000000001fc50000,0x000000001fd50000)]
  0x000000001bdb4800 JavaThread "File lock request listener" [_thread_in_native, id=10484, stack(0x000000001db10000,0x000000001dc10000)]
  0x0000000018c54000 JavaThread "Asynchronous log dispatcher for org.gradle.launcher.daemon.server.DefaultDaemonConnection@3ad62cf0" [_thread_blocked, id=5380, stack(0x000000001b170000,0x000000001b270000)]
  0x0000000019842000 JavaThread "Daemon worker" [_thread_blocked, id=2460, stack(0x000000001b070000,0x000000001b170000)]
  0x0000000019a7b800 JavaThread "Cancel handler" [_thread_blocked, id=9780, stack(0x000000001af70000,0x000000001b070000)]
  0x0000000018573000 JavaThread "Handler for socket connection from /127.0.0.1:63314 to /127.0.0.1:63316" [_thread_in_native, id=4912, stack(0x000000001ae70000,0x000000001af70000)]
  0x000000001849a800 JavaThread "Daemon" [_thread_blocked, id=7896, stack(0x000000001ad70000,0x000000001ae70000)]
  0x000000001967f800 JavaThread "Incoming local TCP Connector on port 63314" [_thread_in_native, id=3616, stack(0x000000001a670000,0x000000001a770000)]
  0x0000000019a93000 JavaThread "pool-1-thread-1" [_thread_blocked, id=3056, stack(0x0000000019180000,0x0000000019280000)]
  0x00000000183aa000 JavaThread "Service Thread" daemon [_thread_blocked, id=9580, stack(0x0000000018780000,0x0000000018880000)]
  0x0000000016a5b800 JavaThread "C1 CompilerThread2" daemon [_thread_blocked, id=2092, stack(0x0000000018280000,0x0000000018380000)]
  0x0000000016a34000 JavaThread "C2 CompilerThread1" daemon [_thread_in_native, id=6724, stack(0x0000000018180000,0x0000000018280000)]
=>0x0000000016a2e800 JavaThread "C2 CompilerThread0" daemon [_thread_in_native, id=7300, stack(0x0000000018080000,0x0000000018180000)]
  0x0000000016a2c800 JavaThread "Attach Listener" daemon [_thread_blocked, id=1664, stack(0x0000000017f80000,0x0000000018080000)]
  0x0000000016a2b800 JavaThread "Signal Dispatcher" daemon [_thread_blocked, id=3888, stack(0x0000000017e80000,0x0000000017f80000)]
  0x0000000016a1a800 JavaThread "Finalizer" daemon [_thread_blocked, id=4716, stack(0x0000000017c90000,0x0000000017d90000)]
  0x00000000030b0000 JavaThread "Reference Handler" daemon [_thread_blocked, id=9060, stack(0x0000000017b90000,0x0000000017c90000)]
  0x0000000002ebd800 JavaThread "main" [_thread_blocked, id=11080, stack(0x0000000002ec0000,0x0000000002fc0000)]

Other Threads:
  0x00000000169f7800 VMThread [stack: 0x0000000017a90000,0x0000000017b90000] [id=6256]
  0x00000000183b2000 WatcherThread [stack: 0x0000000018880000,0x0000000018980000] [id=996]

VM state:not at safepoint (normal execution)

VM Mutex/Monitor currently owned by a thread: None

Heap:
 PSYoungGen      total 236544K, used 88764K [0x00000000e0000000, 0x00000000f0080000, 0x0000000100000000)
  eden space 214016K, 41% used [0x00000000e0000000,0x00000000e56af0a8,0x00000000ed100000)
  from space 22528K, 0% used [0x00000000ed100000,0x00000000ed100000,0x00000000ee700000)
  to   space 17920K, 0% used [0x00000000ee700000,0x00000000ee700000,0x00000000ef880000)
 ParOldGen       total 78848K, used 78842K [0x00000000a0000000, 0x00000000a4d00000, 0x00000000e0000000)
  object space 78848K, 99% used [0x00000000a0000000,0x00000000a4cfeb28,0x00000000a4d00000)
 Metaspace       used 65976K, capacity 67694K, committed 67800K, reserved 1107968K
  class space    used 8561K, capacity 8943K, committed 8960K, reserved 1048576K

Card table byte_map: [0x0000000012480000,0x0000000012790000] byte_map_base: 0x0000000011f80000

Marking Bits: (ParMarkBitMap*) 0x00000000548da6d0
 Begin Bits: [0x0000000012d90000, 0x0000000014590000)
 End Bits:   [0x0000000014590000, 0x0000000015d90000)

Polling page: 0x0000000001060000

CodeCache: size=245760Kb used=37934Kb max_used=39114Kb free=207825Kb
 bounds [0x00000000030c0000, 0x0000000005770000, 0x00000000120c0000]
 total_blobs=11752 nmethods=10911 adapters=751
 compilation: enabled

Compilation events (10 events):
Event: 130.290 Thread 0x0000000016a5b800 13594       3       com.android.dx.dex.file.DebugInfoEncoder::extractMethodArguments (132 bytes)
Event: 130.293 Thread 0x0000000016a5b800 nmethod 13594 0x0000000004f5b650 code [0x0000000004f5b8e0, 0x0000000004f5ccb8]
Event: 130.294 Thread 0x0000000016a5b800 13595       3       java.util.DualPivotQuicksort::sort (1195 bytes)
Event: 130.297 Thread 0x0000000016a34000 nmethod 13583 0x0000000003380f50 code [0x0000000003381100, 0x0000000003381878]
Event: 130.297 Thread 0x0000000016a34000 13560       4       com.android.dx.rop.code.RegisterSpecSet::findMatchingLocal (49 bytes)
Event: 130.299 Thread 0x0000000016a5b800 nmethod 13595 0x00000000050db5d0 code [0x00000000050db980, 0x00000000050dda68]
Event: 130.304 Thread 0x0000000016a34000 nmethod 13560 0x000000000518ff90 code [0x00000000051900e0, 0x00000000051903c8]
Event: 130.304 Thread 0x0000000016a34000 13566       4       com.android.dx.rop.code.InsnList::contentEquals (54 bytes)
Event: 130.310 Thread 0x0000000016a5b800 13596       2       com.android.dx.ssa.Dominators$DfsWalker::<init> (15 bytes)
Event: 130.310 Thread 0x0000000016a5b800 nmethod 13596 0x00000000055cce50 code [0x00000000055ccfa0, 0x00000000055cd110]

GC Heap History (10 events):
Event: 115.803 GC heap before
{Heap before GC invocations=29 (full 4):
 PSYoungGen      total 236544K, used 22496K [0x00000000e0000000, 0x00000000f0080000, 0x0000000100000000)
  eden space 214016K, 0% used [0x00000000e0000000,0x00000000e0000000,0x00000000ed100000)
  from space 22528K, 99% used [0x00000000ed100000,0x00000000ee6f8068,0x00000000ee700000)
  to   space 17920K, 0% used [0x00000000ee700000,0x00000000ee700000,0x00000000ef880000)
 ParOldGen       total 78848K, used 76637K [0x00000000a0000000, 0x00000000a4d00000, 0x00000000e0000000)
  object space 78848K, 97% used [0x00000000a0000000,0x00000000a4ad7588,0x00000000a4d00000)
 Metaspace       used 65504K, capacity 67264K, committed 67544K, reserved 1107968K
  class space    used 8556K, capacity 8946K, committed 8960K, reserved 1048576K
Event: 117.230 GC heap after
Heap after GC invocations=29 (full 4):
 PSYoungGen      total 236544K, used 2520K [0x00000000e0000000, 0x00000000f0080000, 0x0000000100000000)
  eden space 214016K, 0% used [0x00000000e0000000,0x00000000e0000000,0x00000000ed100000)
  from space 22528K, 11% used [0x00000000ed100000,0x00000000ed3761d8,0x00000000ee700000)
  to   space 17920K, 0% used [0x00000000ee700000,0x00000000ee700000,0x00000000ef880000)
 ParOldGen       total 78848K, used 78618K [0x00000000a0000000, 0x00000000a4d00000, 0x00000000e0000000)
  object space 78848K, 99% used [0x00000000a0000000,0x00000000a4cc68b8,0x00000000a4d00000)
 Metaspace       used 65498K, capacity 67246K, committed 67544K, reserved 1107968K
  class space    used 8554K, capacity 8943K, committed 8960K, reserved 1048576K
}
Event: 120.112 GC heap before
{Heap before GC invocations=30 (full 5):
 PSYoungGen      total 236544K, used 216536K [0x00000000e0000000, 0x00000000f0080000, 0x0000000100000000)
  eden space 214016K, 100% used [0x00000000e0000000,0x00000000ed100000,0x00000000ed100000)
  from space 22528K, 11% used [0x00000000ed100000,0x00000000ed3761d8,0x00000000ee700000)
  to   space 17920K, 0% used [0x00000000ee700000,0x00000000ee700000,0x00000000ef880000)
 ParOldGen       total 78848K, used 78618K [0x00000000a0000000, 0x00000000a4d00000, 0x00000000e0000000)
  object space 78848K, 99% used [0x00000000a0000000,0x00000000a4cc68b8,0x00000000a4d00000)
 Metaspace       used 65845K, capacity 67566K, committed 67800K, reserved 1107968K
  class space    used 8559K, capacity 8943K, committed 8960K, reserved 1048576K
Event: 120.915 GC heap after
Heap after GC invocations=30 (full 5):
 PSYoungGen      total 236544K, used 1351K [0x00000000e0000000, 0x00000000f0080000, 0x0000000100000000)
  eden space 214016K, 0% used [0x00000000e0000000,0x00000000e0151fa8,0x00000000ed100000)
  from space 22528K, 0% used [0x00000000ed100000,0x00000000ed100000,0x00000000ee700000)
  to   space 17920K, 0% used [0x00000000ee700000,0x00000000ee700000,0x00000000ef880000)
 ParOldGen       total 78848K, used 78829K [0x00000000a0000000, 0x00000000a4d00000, 0x00000000e0000000)
  object space 78848K, 99% used [0x00000000a0000000,0x00000000a4cfb5e0,0x00000000a4d00000)
 Metaspace       used 65845K, capacity 67566K, committed 67800K, reserved 1107968K
  class space    used 8559K, capacity 8943K, committed 8960K, reserved 1048576K
}
Event: 123.392 GC heap before
{Heap before GC invocations=31 (full 6):
 PSYoungGen      total 236544K, used 214016K [0x00000000e0000000, 0x00000000f0080000, 0x0000000100000000)
  eden space 214016K, 100% used [0x00000000e0000000,0x00000000ed100000,0x00000000ed100000)
  from space 22528K, 0% used [0x00000000ed100000,0x00000000ed100000,0x00000000ee700000)
  to   space 17920K, 0% used [0x00000000ee700000,0x00000000ee700000,0x00000000ef880000)
 ParOldGen       total 78848K, used 78829K [0x00000000a0000000, 0x00000000a4d00000, 0x00000000e0000000)
  object space 78848K, 99% used [0x00000000a0000000,0x00000000a4cfb5e0,0x00000000a4d00000)
 Metaspace       used 65905K, capacity 67630K, committed 67800K, reserved 1107968K
  class space    used 8559K, capacity 8943K, committed 8960K, reserved 1048576K
Event: 124.194 GC heap after
Heap after GC invocations=31 (full 6):
 PSYoungGen      total 236544K, used 0K [0x00000000e0000000, 0x00000000f0080000, 0x0000000100000000)
  eden space 214016K, 0% used [0x00000000e0000000,0x00000000e0000000,0x00000000ed100000)
  from space 22528K, 0% used [0x00000000ed100000,0x00000000ed100000,0x00000000ee700000)
  to   space 17920K, 0% used [0x00000000ee700000,0x00000000ee700000,0x00000000ef880000)
 ParOldGen       total 78848K, used 76631K [0x00000000a0000000, 0x00000000a4d00000, 0x00000000e0000000)
  object space 78848K, 97% used [0x00000000a0000000,0x00000000a4ad5c10,0x00000000a4d00000)
 Metaspace       used 65905K, capacity 67630K, committed 67800K, reserved 1107968K
  class space    used 8559K, capacity 8943K, committed 8960K, reserved 1048576K
}
Event: 126.189 GC heap before
{Heap before GC invocations=32 (full 7):
 PSYoungGen      total 236544K, used 214016K [0x00000000e0000000, 0x00000000f0080000, 0x0000000100000000)
  eden space 214016K, 100% used [0x00000000e0000000,0x00000000ed100000,0x00000000ed100000)
  from space 22528K, 0% used [0x00000000ed100000,0x00000000ed100000,0x00000000ee700000)
  to   space 17920K, 0% used [0x00000000ee700000,0x00000000ee700000,0x00000000ef880000)
 ParOldGen       total 78848K, used 76631K [0x00000000a0000000, 0x00000000a4d00000, 0x00000000e0000000)
  object space 78848K, 97% used [0x00000000a0000000,0x00000000a4ad5c10,0x00000000a4d00000)
 Metaspace       used 65950K, capacity 67694K, committed 67800K, reserved 1107968K
  class space    used 8561K, capacity 8943K, committed 8960K, reserved 1048576K
Event: 127.315 GC heap after
Heap after GC invocations=32 (full 7):
 PSYoungGen      total 236544K, used 24792K [0x00000000e0000000, 0x00000000f0080000, 0x0000000100000000)
  eden space 214016K, 11% used [0x00000000e0000000,0x00000000e1836378,0x00000000ed100000)
  from space 22528K, 0% used [0x00000000ed100000,0x00000000ed100000,0x00000000ee700000)
  to   space 17920K, 0% used [0x00000000ee700000,0x00000000ee700000,0x00000000ef880000)
 ParOldGen       total 78848K, used 78709K [0x00000000a0000000, 0x00000000a4d00000, 0x00000000e0000000)
  object space 78848K, 99% used [0x00000000a0000000,0x00000000a4cdd648,0x00000000a4d00000)
 Metaspace       used 65950K, capacity 67694K, committed 67800K, reserved 1107968K
  class space    used 8561K, capacity 8943K, committed 8960K, reserved 1048576K
}
Event: 128.968 GC heap before
{Heap before GC invocations=33 (full 8):
 PSYoungGen      total 236544K, used 214016K [0x00000000e0000000, 0x00000000f0080000, 0x0000000100000000)
  eden space 214016K, 100% used [0x00000000e0000000,0x00000000ed100000,0x00000000ed100000)
  from space 22528K, 0% used [0x00000000ed100000,0x00000000ed100000,0x00000000ee700000)
  to   space 17920K, 0% used [0x00000000ee700000,0x00000000ee700000,0x00000000ef880000)
 ParOldGen       total 78848K, used 78709K [0x00000000a0000000, 0x00000000a4d00000, 0x00000000e0000000)
  object space 78848K, 99% used [0x00000000a0000000,0x00000000a4cdd648,0x00000000a4d00000)
 Metaspace       used 65976K, capacity 67694K, committed 67800K, reserved 1107968K
  class space    used 8561K, capacity 8943K, committed 8960K, reserved 1048576K
Event: 130.035 GC heap after
Heap after GC invocations=33 (full 8):
 PSYoungGen      total 236544K, used 31440K [0x00000000e0000000, 0x00000000f0080000, 0x0000000100000000)
  eden space 214016K, 14% used [0x00000000e0000000,0x00000000e1eb4310,0x00000000ed100000)
  from space 22528K, 0% used [0x00000000ed100000,0x00000000ed100000,0x00000000ee700000)
  to   space 17920K, 0% used [0x00000000ee700000,0x00000000ee700000,0x00000000ef880000)
 ParOldGen       total 78848K, used 78842K [0x00000000a0000000, 0x00000000a4d00000, 0x00000000e0000000)
  object space 78848K, 99% used [0x00000000a0000000,0x00000000a4cfeb28,0x00000000a4d00000)
 Metaspace       used 65976K, capacity 67694K, committed 67800K, reserved 1107968K
  class space    used 8561K, capacity 8943K, committed 8960K, reserved 1048576K
}

Deoptimization events (10 events):
Event: 126.169 Thread 0x000000001d654000 Uncommon trap: reason=class_check action=maybe_recompile pc=0x000000000541d7c8 method=com.android.dx.ssa.DomFront.calcDomFronts()V @ 101
Event: 126.169 Thread 0x000000001d654000 Uncommon trap: reason=class_check action=maybe_recompile pc=0x000000000541d7c8 method=com.android.dx.ssa.DomFront.calcDomFronts()V @ 101
Event: 127.324 Thread 0x000000001d654000 Uncommon trap: reason=class_check action=maybe_recompile pc=0x0000000005600458 method=com.android.dx.ssa.SsaConverter.placePhiFunctions(Lcom/android/dx/ssa/SsaMethod;Lcom/android/dx/ssa/LocalVariableInfo;I)V @ 257
Event: 127.326 Thread 0x000000001d654000 Uncommon trap: reason=class_check action=maybe_recompile pc=0x000000000562b278 method=com.android.dx.ssa.SsaConverter.placePhiFunctions(Lcom/android/dx/ssa/SsaMethod;Lcom/android/dx/ssa/LocalVariableInfo;I)V @ 257
Event: 127.327 Thread 0x000000001d654000 Uncommon trap: reason=class_check action=maybe_recompile pc=0x000000000562b278 method=com.android.dx.ssa.SsaConverter.placePhiFunctions(Lcom/android/dx/ssa/SsaMethod;Lcom/android/dx/ssa/LocalVariableInfo;I)V @ 257
Event: 127.328 Thread 0x000000001d654000 Uncommon trap: reason=class_check action=maybe_recompile pc=0x000000000562b278 method=com.android.dx.ssa.SsaConverter.placePhiFunctions(Lcom/android/dx/ssa/SsaMethod;Lcom/android/dx/ssa/LocalVariableInfo;I)V @ 257
Event: 128.102 Thread 0x000000001d4d3000 Uncommon trap: reason=unloaded action=reinterpret pc=0x00000000052cd12c method=com.android.dx.ssa.SetFactory.makeDomFrontSet(I)Lcom/android/dx/util/IntSet; @ 18
Event: 128.104 Thread 0x000000001d4d3000 Uncommon trap: reason=class_check action=maybe_recompile pc=0x000000000544b170 method=com.android.dx.ssa.DomFront.calcDomFronts()V @ 101
Event: 128.106 Thread 0x000000001d4d3000 Uncommon trap: reason=class_check action=maybe_recompile pc=0x0000000005600458 method=com.android.dx.ssa.SsaConverter.placePhiFunctions(Lcom/android/dx/ssa/SsaMethod;Lcom/android/dx/ssa/LocalVariableInfo;I)V @ 257
Event: 128.520 Thread 0x0000000019a93000 Uncommon trap: reason=speculate_class_check action=maybe_recompile pc=0x00000000045a1b5c method=java.util.AbstractList.listIterator()Ljava/util/ListIterator; @ 2

Internal exceptions (10 events):
Event: 63.098 Thread 0x000000001bdb3000 Exception <a 'java/io/FileNotFoundException'> (0x00000000e489e140) thrown at [C:\re\workspace\8-2-build-windows-amd64-cygwin\jdk8u101\7261\hotspot\src\share\vm\prims\jni.cpp, line 709]
Event: 65.711 Thread 0x000000001bdb0000 Exception <a 'java/io/FileNotFoundException'> (0x00000000e0279148) thrown at [C:\re\workspace\8-2-build-windows-amd64-cygwin\jdk8u101\7261\hotspot\src\share\vm\prims\jni.cpp, line 709]
Event: 71.096 Thread 0x0000000019842000 Implicit null exception at 0x0000000003e5ae10 to 0x0000000003e5a02d
Event: 71.096 Thread 0x0000000019842000 Implicit null exception at 0x0000000003e5ae10 to 0x0000000003e5a02d
Event: 71.144 Thread 0x0000000019842000 Implicit null exception at 0x0000000003e5ae10 to 0x0000000003e5a02d
Event: 103.665 Thread 0x0000000019842000 Exception <a 'java/lang/NoSuchMethodError': <clinit>> (0x00000000e4c890d8) thrown at [C:\re\workspace\8-2-build-windows-amd64-cygwin\jdk8u101\7261\hotspot\src\share\vm\prims\jni.cpp, line 1613]
Event: 105.041 Thread 0x0000000019842000 Exception <a 'java/io/FileNotFoundException'> (0x00000000e72e50a0) thrown at [C:\re\workspace\8-2-build-windows-amd64-cygwin\jdk8u101\7261\hotspot\src\share\vm\prims\jni.cpp, line 709]
Event: 112.395 Thread 0x000000001bdb1000 Implicit null exception at 0x00000000046d5022 to 0x00000000046d5112
Event: 112.991 Thread 0x000000001d654000 Implicit null exception at 0x0000000004b6b443 to 0x0000000004b6cb49
Event: 122.772 Thread 0x000000001d65b000 Implicit null exception at 0x0000000004ea19f0 to 0x0000000004ea2021

Events (10 events):
Event: 130.251 Thread 0x000000001d4d4800 DEOPT UNPACKING pc=0x000000000310787f sp=0x0000000037b6e3b0 mode 0
Event: 130.258 Thread 0x000000001d4d0800 Thread exited: 0x000000001d4d0800
Event: 130.259 Executing VM operation: RevokeBias
Event: 130.263 Executing VM operation: RevokeBias done
Event: 130.279 Thread 0x000000001d4d9000 DEOPT PACKING pc=0x00000000051c7942 sp=0x000000003776e7d0
Event: 130.279 Thread 0x000000001d4d9000 DEOPT UNPACKING pc=0x000000000310787f sp=0x000000003776e530 mode 0
Event: 130.290 Thread 0x000000001d4ce800 DEOPT PACKING pc=0x000000000553f4ff sp=0x000000003716ec40
Event: 130.290 Thread 0x000000001d4ce800 DEOPT UNPACKING pc=0x000000000310787f sp=0x000000003716e9d0 mode 0
Event: 130.299 Thread 0x000000001d4d9000 DEOPT PACKING pc=0x00000000056d4f23 sp=0x000000003776e5a0
Event: 130.299 Thread 0x000000001d4d9000 DEOPT UNPACKING pc=0x000000000310787f sp=0x000000003776e288 mode 0


Dynamic libraries:
0x00007ff6e3e40000 - 0x00007ff6e3e77000 	C:\Program Files\Java\jdk1.8.0_101\bin\java.exe
0x00007fff67810000 - 0x00007fff679e1000 	C:\WINDOWS\SYSTEM32\ntdll.dll
0x00007fff65d70000 - 0x00007fff65e1b000 	C:\WINDOWS\System32\KERNEL32.DLL
0x00007fff63e60000 - 0x00007fff6407d000 	C:\WINDOWS\System32\KERNELBASE.dll
0x00007fff65e20000 - 0x00007fff65ec2000 	C:\WINDOWS\System32\ADVAPI32.dll
0x00007fff67770000 - 0x00007fff6780e000 	C:\WINDOWS\System32\msvcrt.dll
0x00007fff65230000 - 0x00007fff65289000 	C:\WINDOWS\System32\sechost.dll
0x00007fff65400000 - 0x00007fff65521000 	C:\WINDOWS\System32\RPCRT4.dll
0x00007fff64da0000 - 0x00007fff64f05000 	C:\WINDOWS\System32\USER32.dll
0x00007fff64910000 - 0x00007fff6492e000 	C:\WINDOWS\System32\win32u.dll
0x00007fff651f0000 - 0x00007fff65224000 	C:\WINDOWS\System32\GDI32.dll
0x00007fff64ba0000 - 0x00007fff64d22000 	C:\WINDOWS\System32\gdi32full.dll
0x00007fff5d050000 - 0x00007fff5d2ca000 	C:\WINDOWS\WinSxS\amd64_microsoft.windows.common-controls_6595b64144ccf1df_6.0.14393.953_none_42151e83c686086b\COMCTL32.dll
0x00007fff64f10000 - 0x00007fff651d8000 	C:\WINDOWS\System32\combase.dll
0x00007fff64760000 - 0x00007fff64855000 	C:\WINDOWS\System32\ucrtbase.dll
0x00007fff64d30000 - 0x00007fff64d9a000 	C:\WINDOWS\System32\bcryptPrimitives.dll
0x00007fff66230000 - 0x00007fff6625e000 	C:\WINDOWS\System32\IMM32.DLL
0x00007fff63b70000 - 0x00007fff63ba1000 	C:\Windows\system32\nvinitx.dll
0x00007fff63b60000 - 0x00007fff63b6a000 	C:\WINDOWS\SYSTEM32\VERSION.dll
0x0000000054da0000 - 0x0000000054e72000 	C:\Program Files\Java\jdk1.8.0_101\jre\bin\msvcr100.dll
0x00000000540c0000 - 0x000000005495a000 	C:\Program Files\Java\jdk1.8.0_101\jre\bin\server\jvm.dll
0x00007fff65d60000 - 0x00007fff65d68000 	C:\WINDOWS\System32\PSAPI.DLL
0x00007fff607a0000 - 0x00007fff607a9000 	C:\WINDOWS\SYSTEM32\WSOCK32.dll
0x00007fff5f9f0000 - 0x00007fff5fa13000 	C:\WINDOWS\SYSTEM32\WINMM.dll
0x00007fff65330000 - 0x00007fff6539a000 	C:\WINDOWS\System32\WS2_32.dll
0x00007fff5f990000 - 0x00007fff5f9bb000 	C:\WINDOWS\SYSTEM32\winmmbase.dll
0x00007fff63db0000 - 0x00007fff63df2000 	C:\WINDOWS\System32\cfgmgr32.dll
0x0000000054d90000 - 0x0000000054d9f000 	C:\Program Files\Java\jdk1.8.0_101\jre\bin\verify.dll
0x0000000054d60000 - 0x0000000054d89000 	C:\Program Files\Java\jdk1.8.0_101\jre\bin\java.dll
0x0000000054d40000 - 0x0000000054d56000 	C:\Program Files\Java\jdk1.8.0_101\jre\bin\zip.dll
0x00007fff66260000 - 0x00007fff67769000 	C:\WINDOWS\System32\SHELL32.dll
0x00007fff64080000 - 0x00007fff6475a000 	C:\WINDOWS\System32\windows.storage.dll
0x00007fff63c70000 - 0x00007fff63cbc000 	C:\WINDOWS\System32\powrprof.dll
0x00007fff65560000 - 0x00007fff655b2000 	C:\WINDOWS\System32\shlwapi.dll
0x00007fff63cc0000 - 0x00007fff63ccf000 	C:\WINDOWS\System32\kernel.appcore.dll
0x00007fff64860000 - 0x00007fff64909000 	C:\WINDOWS\System32\shcore.dll
0x00007fff63ce0000 - 0x00007fff63cf4000 	C:\WINDOWS\System32\profapi.dll
0x0000000054d20000 - 0x0000000054d3a000 	C:\Program Files\Java\jdk1.8.0_101\jre\bin\net.dll
0x00007fff634f0000 - 0x00007fff6354c000 	C:\WINDOWS\system32\mswsock.dll
0x0000000054d00000 - 0x0000000054d11000 	C:\Program Files\Java\jdk1.8.0_101\jre\bin\nio.dll
0x00007fff5ecb0000 - 0x00007fff5ecc2000 	C:\Users\Louisa\.gradle\native\19\windows-amd64\native-platform.dll
0x00007fff63690000 - 0x00007fff636a7000 	C:\WINDOWS\SYSTEM32\CRYPTSP.dll
0x00007fff630f0000 - 0x00007fff63123000 	C:\WINDOWS\system32\rsaenh.dll
0x00007fff63bb0000 - 0x00007fff63bdb000 	C:\WINDOWS\SYSTEM32\bcrypt.dll
0x00007fff63370000 - 0x00007fff6338f000 	C:\WINDOWS\SYSTEM32\USERENV.dll
0x00007fff63b50000 - 0x00007fff63b5b000 	C:\WINDOWS\SYSTEM32\CRYPTBASE.dll
0x00007fff63270000 - 0x00007fff632a8000 	C:\WINDOWS\SYSTEM32\IPHLPAPI.DLL
0x00007fff65550000 - 0x00007fff65558000 	C:\WINDOWS\System32\NSI.dll
0x00007fff5eee0000 - 0x00007fff5eef6000 	C:\WINDOWS\SYSTEM32\dhcpcsvc6.DLL
0x00007fff5e960000 - 0x00007fff5e97a000 	C:\WINDOWS\SYSTEM32\dhcpcsvc.DLL
0x0000000054cf0000 - 0x0000000054cfd000 	C:\Program Files\Java\jdk1.8.0_101\jre\bin\management.dll
0x0000000054b50000 - 0x0000000054ce8000 	C:\Program Files\Java\jdk1.8.0_101\jre\bin\awt.dll
0x00007fff66170000 - 0x00007fff6622f000 	C:\WINDOWS\System32\OLEAUT32.dll
0x00007fff64930000 - 0x00007fff649cc000 	C:\WINDOWS\System32\msvcp_win.dll
0x00007fff61b20000 - 0x00007fff61b9a000 	C:\WINDOWS\SYSTEM32\apphelp.dll
0x00007fff613f0000 - 0x00007fff61416000 	C:\WINDOWS\system32\DWMAPI.DLL
0x00007fff615d0000 - 0x00007fff61665000 	C:\WINDOWS\system32\uxtheme.dll
0x0000000054b20000 - 0x0000000054b4a000 	C:\Program Files\Java\jdk1.8.0_101\jre\bin\dcpr.dll

VM Arguments:
jvm_args: -Xmx1536m -Dfile.encoding=windows-1252 -Duser.country=US -Duser.language=en -Duser.variant 
java_command: org.gradle.launcher.daemon.bootstrap.GradleDaemon 2.14.1
java_class_path (initial): C:\Users\Louisa\.gradle\wrapper\dists\gradle-2.14.1-all\8bnwg5hd3w55iofp58khbp6yv\gradle-2.14.1\lib\gradle-launcher-2.14.1.jar
Launcher Type: SUN_STANDARD

Environment Variables:
PATH=C:\ProgramData\Oracle\Java\javapath;C:\Program Files (x86)\NVIDIA Corporation\PhysX\Common;C:\Program Files (x86)\Intel\iCLS Client\;C:\Program Files\Intel\iCLS Client\;C:\WINDOWS\system32;C:\WINDOWS;C:\WINDOWS\System32\Wbem;C:\WINDOWS\System32\WindowsPowerShell\v1.0\;C:\Program Files\Intel\Intel(R) Management Engine Components\DAL;C:\Program Files\Intel\Intel(R) Management Engine Components\IPT;C:\Program Files (x86)\Intel\Intel(R) Management Engine Components\DAL;C:\Program Files (x86)\Intel\Intel(R) Management Engine Components\IPT;C:\Program Files (x86)\Intel\OpenCL SDK\2.0\bin\x86;C:\Program Files (x86)\Intel\OpenCL SDK\2.0\bin\x64;C:\Program Files (x86)\Windows Kits\8.1\Windows Performance Toolkit\;C:\Program Files\Microsoft SQL Server\110\Tools\Binn\;C:\Program Files\Microsoft SQL Server\120\Tools\Binn\;C:\Program Files\Java\jdk1.8.0_101\bin;C:\Program Files\Git\cmd;C:\Program Files (x86)\GtkSharp\2.12\bin;C:\Program Files\Microsoft SQL Server\Client SDK\ODBC\110\Tools\Binn\;C:\Program Files (x86)\Microsoft SQL Server\120\Tools\Binn\;C:\Program Files\Microsoft SQL Server\120\DTS\Binn\;C:\Program Files (x86)\Microsoft SQL Server\Client SDK\ODBC\130\Tools\Binn\;C:\Program Files (x86)\Microsoft SQL Server\140\Tools\Binn\;C:\Program Files (x86)\Microsoft SQL Server\140\DTS\Binn\;C:\Program Files (x86)\Microsoft SQL Server\140\Tools\Binn\ManagementStudio\;C:\WINDOWS\system32\config\systemprofile\.dnx\bin;C:\Program Files\Microsoft DNX\Dnvm\;C:\Program Files\Microsoft SQL Server\130\Tools\Binn\;C:\Users\Louisa\AppData\Local\Microsoft\WindowsApps;
USERNAME=Louisa
OS=Windows_NT
PROCESSOR_IDENTIFIER=Intel64 Family 6 Model 58 Stepping 9, GenuineIntel



---------------  S Y S T E M  ---------------

OS: Windows 10.0 , 64 bit Build 14393 (10.0.14393.0)

CPU:total 4 (2 cores per cpu, 2 threads per core) family 6 model 58 stepping 9, cmov, cx8, fxsr, mmx, sse, sse2, sse3, ssse3, sse4.1, sse4.2, popcnt, avx, clmul, erms, ht, tsc, tscinvbit, tscinv

Memory: 4k page, physical 4077144k(334716k free), swap 6832928k(5172k free)

vm_info: Java HotSpot(TM) 64-Bit Server VM (25.101-b13) for windows-amd64 JRE (1.8.0_101-b13), built on Jun 22 2016 01:21:29 by "java_re" with MS VC++ 10.0 (VS2010)

time: Tue Mar 28 16:18:09 2017
elapsed time: 130 seconds (0d 0h 2m 10s)

